1656592206207	geckodriver	INFO	Listening on 127.0.0.1:61711
1656593261334	geckodriver	INFO	Listening on 127.0.0.1:51112
1656593264692	mozrunner::runner	INFO	Running command: "C:\\Program Files\\Mozilla Firefox\\firefox.exe" "--marionette" "--remote-debugging-port" "51113" "--remote-allow-hosts" "localhost" "-no-remote" "-profile" "C:\\Users\\darin\\AppData\\Local\\Temp\\rust_mozprofilet6qP3F"
1656593286377	geckodriver	INFO	Listening on 127.0.0.1:51171
1656593289497	mozrunner::runner	INFO	Running command: "C:\\Program Files\\Mozilla Firefox\\firefox.exe" "--marionette" "--remote-debugging-port" "51172" "--remote-allow-hosts" "localhost" "-no-remote" "-profile" "C:\\Users\\darin\\AppData\\Local\\Temp\\rust_mozprofileR7khIe"
1656593289984	Marionette	INFO	Marionette enabled
1656593289991	Marionette	INFO	Listening on port 51184
WebDriver BiDi listening on ws://localhost:51172
Read port: 51184
1656593290205	RemoteAgent	WARN	TLS certificate errors will be ignored for this session
console.warn: SearchSettings: "get: No settings file exists, new profile?" (new NotFoundError("Could not open the file at C:\\Users\\darin\\AppData\\Local\\Temp\\rust_mozprofileR7khIe\\search.json.mozlz4", (void 0)))
DevTools listening on ws://localhost:51172/devtools/browser/003c698e-65f4-4357-8d07-cbbb43008d06
JavaScript warning: https://as.dns-shop.ru/static/06/3r1c9u/register-user-action.js, line 1: WEBGL_debug_renderer_info is deprecated in Firefox and will be removed. Please use RENDERER.
JavaScript warning: https://as.dns-shop.ru/static/06/3r1c9u/register-user-action.js, line 1: WEBGL_debug_renderer_info is deprecated in Firefox and will be removed. Please use RENDERER.
JavaScript warning: https://mc.yandex.ru/metrika/tag.js, line 18: WEBGL_debug_renderer_info is deprecated in Firefox and will be removed. Please use RENDERER.
JavaScript error: resource://gre/modules/XULStore.jsm, line 66: Error: Can't find profile directory.
JavaScript error: resource://gre/modules/XULStore.jsm, line 66: Error: Can't find profile directory.
1656593499913	Marionette	INFO	Stopped listening on port 51184
console.warn: TopSitesFeed: Failed to fetch data from Contile server: NetworkError when attempting to fetch resource.
1656595266725	geckodriver	INFO	Listening on 127.0.0.1:60363
1656595269812	mozrunner::runner	INFO	Running command: "C:\\Program Files\\Mozilla Firefox\\firefox.exe" "--marionette" "--remote-debugging-port" "60364" "--remote-allow-hosts" "localhost" "-no-remote" "-profile" "C:\\Users\\darin\\AppData\\Local\\Temp\\rust_mozprofileF7FKMU"
1656595270489	Marionette	INFO	Marionette enabled
1656595270497	Marionette	INFO	Listening on port 60374
WebDriver BiDi listening on ws://localhost:60364
Read port: 60374
1656595270674	RemoteAgent	WARN	TLS certificate errors will be ignored for this session
console.warn: SearchSettings: "get: No settings file exists, new profile?" (new NotFoundError("Could not open the file at C:\\Users\\darin\\AppData\\Local\\Temp\\rust_mozprofileF7FKMU\\search.json.mozlz4", (void 0)))
DevTools listening on ws://localhost:60364/devtools/browser/c7eba0c0-dab7-4756-9e16-d13438edd6d5
JavaScript warning: https://as.dns-shop.ru/static/06/3r1c9u/register-user-action.js, line 1: WEBGL_debug_renderer_info is deprecated in Firefox and will be removed. Please use RENDERER.
JavaScript warning: https://as.dns-shop.ru/static/06/3r1c9u/register-user-action.js, line 1: WEBGL_debug_renderer_info is deprecated in Firefox and will be removed. Please use RENDERER.
JavaScript warning: https://mc.yandex.ru/metrika/tag.js, line 18: WEBGL_debug_renderer_info is deprecated in Firefox and will be removed. Please use RENDERER.
JavaScript error: resource://gre/modules/XULStore.jsm, line 66: Error: Can't find profile directory.
JavaScript error: resource://gre/modules/XULStore.jsm, line 66: Error: Can't find profile directory.
JavaScript error: resource://gre/modules/AsyncShutdown.jsm, line 575: NotFoundError: No such JSWindowActor 'DevToolsFrame'
JavaScript error: resource://gre/modules/AsyncShutdown.jsm, line 575: NotFoundError: No such JSWindowActor 'DevToolsFrame'
JavaScript error: resource://gre/modules/AsyncShutdown.jsm, line 575: NotFoundError: No such JSWindowActor 'DevToolsFrame'
JavaScript error: resource://gre/modules/AsyncShutdown.jsm, line 575: NotFoundError: No such JSWindowActor 'DevToolsFrame'
JavaScript error: resource://gre/modules/AsyncShutdown.jsm, line 575: NotFoundError: No such JSWindowActor 'DevToolsFrame'
JavaScript error: resource://gre/modules/AsyncShutdown.jsm, line 575: NotFoundError: No such JSWindowActor 'DevToolsFrame'
JavaScript error: resource://gre/modules/AsyncShutdown.jsm, line 575: NotFoundError: No such JSWindowActor 'DevToolsFrame'
JavaScript error: resource://gre/modules/AsyncShutdown.jsm, line 575: NotFoundError: No such JSWindowActor 'DevToolsFrame'
JavaScript error: resource://gre/modules/AsyncShutdown.jsm, line 575: NotFoundError: No such JSWindowActor 'DevToolsFrame'
JavaScript error: resource://gre/modules/AsyncShutdown.jsm, line 575: NotFoundError: No such JSWindowActor 'DevToolsFrame'
JavaScript error: resource://gre/modules/AsyncShutdown.jsm, line 575: NotFoundError: No such JSWindowActor 'DevToolsFrame'
JavaScript error: resource://gre/modules/AsyncShutdown.jsm, line 575: NotFoundError: No such JSWindowActor 'DevToolsFrame'
JavaScript error: resource://gre/modules/AsyncShutdown.jsm, line 575: NotFoundError: No such JSWindowActor 'DevToolsFrame'
1656595347883	Marionette	INFO	Stopped listening on port 60374
1656596095113	geckodriver	INFO	Listening on 127.0.0.1:52873
1656596098206	mozrunner::runner	INFO	Running command: "C:\\Program Files\\Mozilla Firefox\\firefox.exe" "--marionette" "--remote-debugging-port" "52874" "--remote-allow-hosts" "localhost" "-no-remote" "-profile" "C:\\Users\\darin\\AppData\\Local\\Temp\\rust_mozprofileBklqQj"
1656596098772	Marionette	INFO	Marionette enabled
1656596098779	Marionette	INFO	Listening on port 52884
WebDriver BiDi listening on ws://localhost:52874
Read port: 52884
1656596098948	RemoteAgent	WARN	TLS certificate errors will be ignored for this session
console.warn: SearchSettings: "get: No settings file exists, new profile?" (new NotFoundError("Could not open the file at C:\\Users\\darin\\AppData\\Local\\Temp\\rust_mozprofileBklqQj\\search.json.mozlz4", (void 0)))
DevTools listening on ws://localhost:52874/devtools/browser/45f29291-ed5b-4d35-b73b-ef4f67415e35
JavaScript warning: https://as.dns-shop.ru/static/06/3r1c9u/register-user-action.js, line 1: WEBGL_debug_renderer_info is deprecated in Firefox and will be removed. Please use RENDERER.
JavaScript warning: https://as.dns-shop.ru/static/06/3r1c9u/register-user-action.js, line 1: WEBGL_debug_renderer_info is deprecated in Firefox and will be removed. Please use RENDERER.
JavaScript warning: https://mc.yandex.ru/metrika/tag.js, line 18: WEBGL_debug_renderer_info is deprecated in Firefox and will be removed. Please use RENDERER.
JavaScript error: resource://gre/modules/XULStore.jsm, line 66: Error: Can't find profile directory.
JavaScript error: resource://gre/modules/XULStore.jsm, line 66: Error: Can't find profile directory.
1656596194358	Marionette	INFO	Stopped listening on port 52884
console.warn: TopSitesFeed: Failed to fetch data from Contile server: NetworkError when attempting to fetch resource.
remote-debugging-port" "52983" "--remote-allow-hosts" "localhost" "-no-remote" "-profile" "C:\\Users\\darin\\AppData\\Local\\Temp\\rust_mozprofilengqukD"
1656596193747	Marionette	INFO	Marionette enabled
1656596193757	Marionette	INFO	Listening on port 52998
Read port: 52998
WebDriver BiDi listening on ws://localhost:52983
1656596194037	RemoteAgent	WARN	TLS certificate errors will be ignored for this session
console.warn: SearchSettings: "get: No settings file exists, new profile?" (new NotFoundError("Could not open the file at C:\\Users\\darin\\AppData\\Local\\Temp\\rust_mozprofilengqukD\\search.json.mozlz4", (void 0)))
DevTools listening on ws://localhost:52983/devtools/browser/33b2b9d7-4424-4995-9ee8-c9f334639c37
JavaScript warning: https://as.dns-shop.ru/static/06/3r1c9u/register-user-action.js, line 1: WEBGL_debug_renderer_info is deprecated in Firefox and will be removed. Please use RENDERER.
JavaScript warning: https://as.dns-shop.ru/static/06/3r1c9u/register-user-action.js, line 1: WEBGL_debug_renderer_info is deprecated in Firefox and will be removed. Please use RENDERER.
JavaScript warning: https://mc.yandex.ru/metrika/tag.js, line 18: WEBGL_debug_renderer_info is deprecated in Firefox and will be removed. Please use RENDERER.
JavaScript error: resource://gre/modules/XULStore.jsm, line 66: Error: Can't find profile directory.
JavaScript error: resource://gre/modules/XULStore.jsm, line 66: Error: Can't find profile directory.
1656599208693	geckodriver	INFO	Listening on 127.0.0.1:51876
1656599211779	mozrunner::runner	INFO	Running command: "C:\\Program Files\\Mozilla Firefox\\firefox.exe" "--marionette" "--remote-debugging-port" "51877" "--remote-allow-hosts" "localhost" "-no-remote" "-profile" "C:\\Users\\darin\\AppData\\Local\\Temp\\rust_mozprofilec3CeHE"
1656599212343	Marionette	INFO	Marionette enabled
1656599212349	Marionette	INFO	Listening on port 51886
WebDriver BiDi listening on ws://localhost:51877
Read port: 51886
1656599212510	RemoteAgent	WARN	TLS certificate errors will be ignored for this session
console.warn: SearchSettings: "get: No settings file exists, new profile?" (new NotFoundError("Could not open the file at C:\\Users\\darin\\AppData\\Local\\Temp\\rust_mozprofilec3CeHE\\search.json.mozlz4", (void 0)))
DevTools listening on ws://localhost:51877/devtools/browser/77c248ad-12bb-4a91-b094-776dc49d0049
JavaScript warning: https://as.dns-shop.ru/static/06/3r1c9u/register-user-action.js, line 1: WEBGL_debug_renderer_info is deprecated in Firefox and will be removed. Please use RENDERER.
JavaScript warning: https://as.dns-shop.ru/static/06/3r1c9u/register-user-action.js, line 1: WEBGL_debug_renderer_info is deprecated in Firefox and will be removed. Please use RENDERER.
JavaScript warning: https://mc.yandex.ru/metrika/tag.js, line 18: WEBGL_debug_renderer_info is deprecated in Firefox and will be removed. Please use RENDERER.
JavaScript error: resource://gre/modules/XULStore.jsm, line 66: Error: Can't find profile directory.
JavaScript error: resource://gre/modules/XULStore.jsm, line 66: Error: Can't find profile directory.
1656599322878	geckodriver	INFO	Listening on 127.0.0.1:51992
1656599325944	mozrunner::runner	INFO	Running command: "C:\\Program Files\\Mozilla Firefox\\firefox.exe" "--marionette" "--remote-debugging-port" "51993" "--remote-allow-hosts" "localhost" "-no-remote" "-profile" "C:\\Users\\darin\\AppData\\Local\\Temp\\rust_mozprofilespzaPD"
1656599326413	Marionette	INFO	Marionette enabled
1656599326419	Marionette	INFO	Listening on port 52002
WebDriver BiDi listening on ws://localhost:51993
Read port: 52002
1656599326723	RemoteAgent	WARN	TLS certificate errors will be ignored for this session
console.warn: SearchSettings: "get: No settings file exists, new profile?" (new NotFoundError("Could not open the file at C:\\Users\\darin\\AppData\\Local\\Temp\\rust_mozprofilespzaPD\\search.json.mozlz4", (void 0)))
DevTools listening on ws://localhost:51993/devtools/browser/75bf8f6a-4260-49e9-85de-9f30e7cb9869
JavaScript warning: https://as.dns-shop.ru/static/06/3r1c9u/register-user-action.js, line 1: WEBGL_debug_renderer_info is deprecated in Firefox and will be removed. Please use RENDERER.
JavaScript warning: https://as.dns-shop.ru/static/06/3r1c9u/register-user-action.js, line 1: WEBGL_debug_renderer_info is deprecated in Firefox and will be removed. Please use RENDERER.
JavaScript warning: https://mc.yandex.ru/metrika/tag.js, line 18: WEBGL_debug_renderer_info is deprecated in Firefox and will be removed. Please use RENDERER.
JavaScript warning: https://as.dns-shop.ru/static/06/3r1c9u/register-user-action.js, line 1: WEBGL_debug_renderer_info is deprecated in Firefox and will be removed. Please use RENDERER.
JavaScript warning: https://as.dns-shop.ru/static/06/3r1c9u/register-user-action.js, line 1: WEBGL_debug_renderer_info is deprecated in Firefox and will be removed. Please use RENDERER.
JavaScript warning: https://as.dns-shop.ru/static/06/3r1c9u/register-user-action.js, line 1: WEBGL_debug_renderer_info is deprecated in Firefox and will be removed. Please use RENDERER.
JavaScript warning: https://as.dns-shop.ru/static/06/3r1c9u/register-user-action.js, line 1: WEBGL_debug_renderer_info is deprecated in Firefox and will be removed. Please use RENDERER.
JavaScript warning: https://as.dns-shop.ru/static/06/3r1c9u/register-user-action.js, line 1: WEBGL_debug_renderer_info is deprecated in Firefox and will be removed. Please use RENDERER.
JavaScript warning: https://as.dns-shop.ru/static/06/3r1c9u/register-user-action.js, line 1: WEBGL_debug_renderer_info is deprecated in Firefox and will be removed. Please use RENDERER.
1656599492380	geckodriver	INFO	Listening on 127.0.0.1:59932
1656599495455	mozrunner::runner	INFO	Running command: "C:\\Program Files\\Mozilla Firefox\\firefox.exe" "--marionette" "--remote-debugging-port" "59933" "--remote-allow-hosts" "localhost" "-no-remote" "-profile" "C:\\Users\\darin\\AppData\\Local\\Temp\\rust_mozprofileldEJB8"
1656599495967	Marionette	INFO	Marionette enabled
1656599495975	Marionette	INFO	Listening on port 59942
WebDriver BiDi listening on ws://localhost:59933
Read port: 59942
1656599496132	RemoteAgent	WARN	TLS certificate errors will be ignored for this session
console.warn: SearchSettings: "get: No settings file exists, new profile?" (new NotFoundError("Could not open the file at C:\\Users\\darin\\AppData\\Local\\Temp\\rust_mozprofileldEJB8\\search.json.mozlz4", (void 0)))
DevTools listening on ws://localhost:59933/devtools/browser/2913d3af-bb4d-4ff7-8e7b-615039f1f781
JavaScript warning: https://mc.yandex.ru/metrika/tag.js, line 18: WEBGL_debug_renderer_info is deprecated in Firefox and will be removed. Please use RENDERER.
JavaScript warning: https://as.dns-shop.ru/static/06/3r1c9u/register-user-action.js, line 1: WEBGL_debug_renderer_info is deprecated in Firefox and will be removed. Please use RENDERER.
JavaScript warning: https://as.dns-shop.ru/static/06/3r1c9u/register-user-action.js, line 1: WEBGL_debug_renderer_info is deprecated in Firefox and will be removed. Please use RENDERER.
JavaScript warning: https://as.dns-shop.ru/static/06/3r1c9u/register-user-action.js, line 1: WEBGL_debug_renderer_info is deprecated in Firefox and will be removed. Please use RENDERER.
JavaScript warning: https://as.dns-shop.ru/static/06/3r1c9u/register-user-action.js, line 1: WEBGL_debug_renderer_info is deprecated in Firefox and will be removed. Please use RENDERER.
1656599546721	geckodriver	INFO	Listening on 127.0.0.1:60037
1656599549789	mozrunner::runner	INFO	Running command: "C:\\Program Files\\Mozilla Firefox\\firefox.exe" "--marionette" "--remote-debugging-port" "60038" "--remote-allow-hosts" "localhost" "-no-remote" "-profile" "C:\\Users\\darin\\AppData\\Local\\Temp\\rust_mozprofile5KoUZq"
1656599550313	Marionette	INFO	Marionette enabled
1656599550320	Marionette	INFO	Listening on port 60047
WebDriver BiDi listening on ws://localhost:60038
Read port: 60047
1656599550478	RemoteAgent	WARN	TLS certificate errors will be ignored for this session
console.warn: SearchSettings: "get: No settings file exists, new profile?" (new NotFoundError("Could not open the file at C:\\Users\\darin\\AppData\\Local\\Temp\\rust_mozprofile5KoUZq\\search.json.mozlz4", (void 0)))
DevTools listening on ws://localhost:60038/devtools/browser/fc0240d1-c80d-4412-b386-46c72671e013
JavaScript warning: https://as.dns-shop.ru/static/06/3r1c9u/register-user-action.js, line 1: WEBGL_debug_renderer_info is deprecated in Firefox and will be removed. Please use RENDERER.
JavaScript warning: https://as.dns-shop.ru/static/06/3r1c9u/register-user-action.js, line 1: WEBGL_debug_renderer_info is deprecated in Firefox and will be removed. Please use RENDERER.
JavaScript warning: https://mc.yandex.ru/metrika/tag.js, line 18: WEBGL_debug_renderer_info is deprecated in Firefox and will be removed. Please use RENDERER.
JavaScript warning: https://as.dns-shop.ru/static/06/3r1c9u/register-user-action.js, line 1: WEBGL_debug_renderer_info is deprecated in Firefox and will be removed. Please use RENDERER.
JavaScript warning: https://as.dns-shop.ru/static/06/3r1c9u/register-user-action.js, line 1: WEBGL_debug_renderer_info is deprecated in Firefox and will be removed. Please use RENDERER.
1656599601174	geckodriver	INFO	Listening on 127.0.0.1:60138
1656599604225	mozrunner::runner	INFO	Running command: "C:\\Program Files\\Mozilla Firefox\\firefox.exe" "--marionette" "--remote-debugging-port" "60139" "--remote-allow-hosts" "localhost" "-no-remote" "-profile" "C:\\Users\\darin\\AppData\\Local\\Temp\\rust_mozprofileX2OBOD"
1656599604724	Marionette	INFO	Marionette enabled
1656599604730	Marionette	INFO	Listening on port 60148
WebDriver BiDi listening on ws://localhost:60139
Read port: 60148
1656599604882	RemoteAgent	WARN	TLS certificate errors will be ignored for this session
console.warn: SearchSettings: "get: No settings file exists, new profile?" (new NotFoundError("Could not open the file at C:\\Users\\darin\\AppData\\Local\\Temp\\rust_mozprofileX2OBOD\\search.json.mozlz4", (void 0)))
DevTools listening on ws://localhost:60139/devtools/browser/5ddd6c99-5628-4305-8d10-449dc726f97c
JavaScript warning: https://as.dns-shop.ru/static/06/3r1c9u/register-user-action.js, line 1: WEBGL_debug_renderer_info is deprecated in Firefox and will be removed. Please use RENDERER.
JavaScript warning: https://as.dns-shop.ru/static/06/3r1c9u/register-user-action.js, line 1: WEBGL_debug_renderer_info is deprecated in Firefox and will be removed. Please use RENDERER.
JavaScript warning: https://mc.yandex.ru/metrika/tag.js, line 18: WEBGL_debug_renderer_info is deprecated in Firefox and will be removed. Please use RENDERER.
JavaScript warning: https://as.dns-shop.ru/static/06/3r1c9u/register-user-action.js, line 1: WEBGL_debug_renderer_info is deprecated in Firefox and will be removed. Please use RENDERER.
JavaScript warning: https://as.dns-shop.ru/static/06/3r1c9u/register-user-action.js, line 1: WEBGL_debug_renderer_info is deprecated in Firefox and will be removed. Please use RENDERER.
JavaScript warning: https://as.dns-shop.ru/static/06/3r1c9u/register-user-action.js, line 1: WEBGL_debug_renderer_info is deprecated in Firefox and will be removed. Please use RENDERER.
JavaScript warning: https://as.dns-shop.ru/static/06/3r1c9u/register-user-action.js, line 1: WEBGL_debug_renderer_info is deprecated in Firefox and will be removed. Please use RENDERER.
JavaScript warning: https://as.dns-shop.ru/static/06/3r1c9u/register-user-action.js, line 1: WEBGL_debug_renderer_info is deprecated in Firefox and will be removed. Please use RENDERER.
JavaScript warning: https://as.dns-shop.ru/static/06/3r1c9u/register-user-action.js, line 1: WEBGL_debug_renderer_info is deprecated in Firefox and will be removed. Please use RENDERER.
JavaScript warning: https://as.dns-shop.ru/static/06/3r1c9u/register-user-action.js, line 1: WEBGL_debug_renderer_info is deprecated in Firefox and will be removed. Please use RENDERER.
JavaScript warning: https://as.dns-shop.ru/static/06/3r1c9u/register-user-action.js, line 1: WEBGL_debug_renderer_info is deprecated in Firefox and will be removed. Please use RENDERER.
JavaScript warning: https://as.dns-shop.ru/static/06/3r1c9u/register-user-action.js, line 1: WEBGL_debug_renderer_info is deprecated in Firefox and will be removed. Please use RENDERER.
JavaScript warning: https://as.dns-shop.ru/static/06/3r1c9u/register-user-action.js, line 1: WEBGL_debug_renderer_info is deprecated in Firefox and will be removed. Please use RENDERER.
JavaScript warning: https://as.dns-shop.ru/static/06/3r1c9u/register-user-action.js, line 1: WEBGL_debug_renderer_info is deprecated in Firefox and will be removed. Please use RENDERER.
JavaScript warning: https://as.dns-shop.ru/static/06/3r1c9u/register-user-action.js, line 1: WEBGL_debug_renderer_info is deprecated in Firefox and will be removed. Please use RENDERER.
JavaScript warning: https://as.dns-shop.ru/static/06/3r1c9u/register-user-action.js, line 1: WEBGL_debug_renderer_info is deprecated in Firefox and will be removed. Please use RENDERER.
JavaScript warning: https://as.dns-shop.ru/static/06/3r1c9u/register-user-action.js, line 1: WEBGL_debug_renderer_info is deprecated in Firefox and will be removed. Please use RENDERER.
1656599682363	geckodriver	INFO	Listening on 127.0.0.1:49381
1656599685439	mozrunner::runner	INFO	Running command: "C:\\Program Files\\Mozilla Firefox\\firefox.exe" "--marionette" "--remote-debugging-port" "49382" "--remote-allow-hosts" "localhost" "-no-remote" "-profile" "C:\\Users\\darin\\AppData\\Local\\Temp\\rust_mozprofile0CpTtS"
1656599685928	Marionette	INFO	Marionette enabled
1656599685934	Marionette	INFO	Listening on port 49391
WebDriver BiDi listening on ws://localhost:49382
Read port: 49391
1656599686124	RemoteAgent	WARN	TLS certificate errors will be ignored for this session
console.warn: SearchSettings: "get: No settings file exists, new profile?" (new NotFoundError("Could not open the file at C:\\Users\\darin\\AppData\\Local\\Temp\\rust_mozprofile0CpTtS\\search.json.mozlz4", (void 0)))
DevTools listening on ws://localhost:49382/devtools/browser/e9193a69-3023-4e5f-b4d4-96711530e6f1
JavaScript warning: https://as.dns-shop.ru/static/06/3r1c9u/register-user-action.js, line 1: WEBGL_debug_renderer_info is deprecated in Firefox and will be removed. Please use RENDERER.
JavaScript warning: https://as.dns-shop.ru/static/06/3r1c9u/register-user-action.js, line 1: WEBGL_debug_renderer_info is deprecated in Firefox and will be removed. Please use RENDERER.
JavaScript warning: https://mc.yandex.ru/metrika/tag.js, line 18: WEBGL_debug_renderer_info is deprecated in Firefox and will be removed. Please use RENDERER.
JavaScript warning: https://as.dns-shop.ru/static/06/3r1c9u/register-user-action.js, line 1: WEBGL_debug_renderer_info is deprecated in Firefox and will be removed. Please use RENDERER.
JavaScript warning: https://as.dns-shop.ru/static/06/3r1c9u/register-user-action.js, line 1: WEBGL_debug_renderer_info is deprecated in Firefox and will be removed. Please use RENDERER.
1656599785359	geckodriver	INFO	Listening on 127.0.0.1:49489
1656599788468	mozrunner::runner	INFO	Running command: "C:\\Program Files\\Mozilla Firefox\\firefox.exe" "--marionette" "--remote-debugging-port" "49490" "--remote-allow-hosts" "localhost" "-no-remote" "-profile" "C:\\Users\\darin\\AppData\\Local\\Temp\\rust_mozprofile9L4bPV"
1656599788968	Marionette	INFO	Marionette enabled
1656599788975	Marionette	INFO	Listening on port 49500
WebDriver BiDi listening on ws://localhost:49490
Read port: 49500
1656599789172	RemoteAgent	WARN	TLS certificate errors will be ignored for this session
console.warn: SearchSettings: "get: No settings file exists, new profile?" (new NotFoundError("Could not open the file at C:\\Users\\darin\\AppData\\Local\\Temp\\rust_mozprofile9L4bPV\\search.json.mozlz4", (void 0)))
DevTools listening on ws://localhost:49490/devtools/browser/82022ed3-0ecb-487b-983c-186fa5bd7db6
JavaScript warning: https://as.dns-shop.ru/static/06/3r1c9u/register-user-action.js, line 1: WEBGL_debug_renderer_info is deprecated in Firefox and will be removed. Please use RENDERER.
JavaScript warning: https://as.dns-shop.ru/static/06/3r1c9u/register-user-action.js, line 1: WEBGL_debug_renderer_info is deprecated in Firefox and will be removed. Please use RENDERER.
JavaScript warning: https://mc.yandex.ru/metrika/tag.js, line 18: WEBGL_debug_renderer_info is deprecated in Firefox and will be removed. Please use RENDERER.
1656599837153	geckodriver	INFO	Listening on 127.0.0.1:49600
1656599840221	mozrunner::runner	INFO	Running command: "C:\\Program Files\\Mozilla Firefox\\firefox.exe" "--marionette" "--remote-debugging-port" "49601" "--remote-allow-hosts" "localhost" "-no-remote" "-profile" "C:\\Users\\darin\\AppData\\Local\\Temp\\rust_mozprofilejc9Bxd"
1656599840737	Marionette	INFO	Marionette enabled
1656599840742	Marionette	INFO	Listening on port 49612
WebDriver BiDi listening on ws://localhost:49601
Read port: 49612
1656599840916	RemoteAgent	WARN	TLS certificate errors will be ignored for this session
console.warn: SearchSettings: "get: No settings file exists, new profile?" (new NotFoundError("Could not open the file at C:\\Users\\darin\\AppData\\Local\\Temp\\rust_mozprofilejc9Bxd\\search.json.mozlz4", (void 0)))
DevTools listening on ws://localhost:49601/devtools/browser/5b5bdf55-615e-4e94-a94e-73af01b8f7f0
JavaScript warning: https://as.dns-shop.ru/static/06/3r1c9u/register-user-action.js, line 1: WEBGL_debug_renderer_info is deprecated in Firefox and will be removed. Please use RENDERER.
JavaScript warning: https://as.dns-shop.ru/static/06/3r1c9u/register-user-action.js, line 1: WEBGL_debug_renderer_info is deprecated in Firefox and will be removed. Please use RENDERER.
JavaScript warning: https://mc.yandex.ru/metrika/tag.js, line 18: WEBGL_debug_renderer_info is deprecated in Firefox and will be removed. Please use RENDERER.
1656599906682	geckodriver	INFO	Listening on 127.0.0.1:49709
1656599909762	mozrunner::runner	INFO	Running command: "C:\\Program Files\\Mozilla Firefox\\firefox.exe" "--marionette" "--remote-debugging-port" "49710" "--remote-allow-hosts" "localhost" "-no-remote" "-profile" "C:\\Users\\darin\\AppData\\Local\\Temp\\rust_mozprofileHQXMWH"
1656599910318	Marionette	INFO	Marionette enabled
1656599910325	Marionette	INFO	Listening on port 49723
WebDriver BiDi listening on ws://localhost:49710
Read port: 49723
1656599910662	RemoteAgent	WARN	TLS certificate errors will be ignored for this session
console.warn: SearchSettings: "get: No settings file exists, new profile?" (new NotFoundError("Could not open the file at C:\\Users\\darin\\AppData\\Local\\Temp\\rust_mozprofileHQXMWH\\search.json.mozlz4", (void 0)))
DevTools listening on ws://localhost:49710/devtools/browser/0f76120b-87a7-44bd-b2cb-bc5baa4087fb
JavaScript warning: https://mc.yandex.ru/metrika/tag.js, line 18: WEBGL_debug_renderer_info is deprecated in Firefox and will be removed. Please use RENDERER.
JavaScript warning: https://as.dns-shop.ru/static/06/3r1c9u/register-user-action.js, line 1: WEBGL_debug_renderer_info is deprecated in Firefox and will be removed. Please use RENDERER.
JavaScript warning: https://as.dns-shop.ru/static/06/3r1c9u/register-user-action.js, line 1: WEBGL_debug_renderer_info is deprecated in Firefox and will be removed. Please use RENDERER.
1656599975084	geckodriver	INFO	Listening on 127.0.0.1:50605
1656599978166	mozrunner::runner	INFO	Running command: "C:\\Program Files\\Mozilla Firefox\\firefox.exe" "--marionette" "--remote-debugging-port" "50606" "--remote-allow-hosts" "localhost" "-no-remote" "-profile" "C:\\Users\\darin\\AppData\\Local\\Temp\\rust_mozprofile9IJYyU"
1656599978730	Marionette	INFO	Marionette enabled
1656599978736	Marionette	INFO	Listening on port 50615
WebDriver BiDi listening on ws://localhost:50606
Read port: 50615
1656599978915	RemoteAgent	WARN	TLS certificate errors will be ignored for this session
console.warn: SearchSettings: "get: No settings file exists, new profile?" (new NotFoundError("Could not open the file at C:\\Users\\darin\\AppData\\Local\\Temp\\rust_mozprofile9IJYyU\\search.json.mozlz4", (void 0)))
DevTools listening on ws://localhost:50606/devtools/browser/502e8d19-d95e-4155-9ac4-539007c370f6
JavaScript warning: https://as.dns-shop.ru/static/06/3r1c9u/register-user-action.js, line 1: WEBGL_debug_renderer_info is deprecated in Firefox and will be removed. Please use RENDERER.
JavaScript warning: https://as.dns-shop.ru/static/06/3r1c9u/register-user-action.js, line 1: WEBGL_debug_renderer_info is deprecated in Firefox and will be removed. Please use RENDERER.
JavaScript warning: https://mc.yandex.ru/metrika/tag.js, line 18: WEBGL_debug_renderer_info is deprecated in Firefox and will be removed. Please use RENDERER.
1656600043560	geckodriver	INFO	Listening on 127.0.0.1:50708
1656600046606	mozrunner::runner	INFO	Running command: "C:\\Program Files\\Mozilla Firefox\\firefox.exe" "--marionette" "--remote-debugging-port" "50709" "--remote-allow-hosts" "localhost" "-no-remote" "-profile" "C:\\Users\\darin\\AppData\\Local\\Temp\\rust_mozprofile4m9ALk"
1656600047135	Marionette	INFO	Marionette enabled
1656600047141	Marionette	INFO	Listening on port 50718
WebDriver BiDi listening on ws://localhost:50709
Read port: 50718
1656600047314	RemoteAgent	WARN	TLS certificate errors will be ignored for this session
console.warn: SearchSettings: "get: No settings file exists, new profile?" (new NotFoundError("Could not open the file at C:\\Users\\darin\\AppData\\Local\\Temp\\rust_mozprofile4m9ALk\\search.json.mozlz4", (void 0)))
DevTools listening on ws://localhost:50709/devtools/browser/b808ca10-e3d5-4722-b960-b3980778cd0d
JavaScript warning: https://as.dns-shop.ru/static/06/3r1c9u/register-user-action.js, line 1: WEBGL_debug_renderer_info is deprecated in Firefox and will be removed. Please use RENDERER.
JavaScript warning: https://as.dns-shop.ru/static/06/3r1c9u/register-user-action.js, line 1: WEBGL_debug_renderer_info is deprecated in Firefox and will be removed. Please use RENDERER.
JavaScript warning: https://mc.yandex.ru/metrika/tag.js, line 18: WEBGL_debug_renderer_info is deprecated in Firefox and will be removed. Please use RENDERER.
JavaScript warning: https://as.dns-shop.ru/static/06/3r1c9u/register-user-action.js, line 1: WEBGL_debug_renderer_info is deprecated in Firefox and will be removed. Please use RENDERER.
JavaScript warning: https://as.dns-shop.ru/static/06/3r1c9u/register-user-action.js, line 1: WEBGL_debug_renderer_info is deprecated in Firefox and will be removed. Please use RENDERER.
1656600092161	geckodriver	INFO	Listening on 127.0.0.1:50816
1656600099043	geckodriver	INFO	Listening on 127.0.0.1:50820
1656600102114	mozrunner::runner	INFO	Running command: "C:\\Program Files\\Mozilla Firefox\\firefox.exe" "--marionette" "--remote-debugging-port" "50821" "--remote-allow-hosts" "localhost" "-no-remote" "-profile" "C:\\Users\\darin\\AppData\\Local\\Temp\\rust_mozprofileDEflNO"
1656600102617	Marionette	INFO	Marionette enabled
1656600102624	Marionette	INFO	Listening on port 50830
WebDriver BiDi listening on ws://localhost:50821
Read port: 50830
1656600102801	RemoteAgent	WARN	TLS certificate errors will be ignored for this session
console.warn: SearchSettings: "get: No settings file exists, new profile?" (new NotFoundError("Could not open the file at C:\\Users\\darin\\AppData\\Local\\Temp\\rust_mozprofileDEflNO\\search.json.mozlz4", (void 0)))
DevTools listening on ws://localhost:50821/devtools/browser/1a21ea6b-eec2-4ba6-a09e-5e3915c0f5ad
JavaScript warning: https://as.dns-shop.ru/static/06/3r1c9u/register-user-action.js, line 1: WEBGL_debug_renderer_info is deprecated in Firefox and will be removed. Please use RENDERER.
JavaScript warning: https://as.dns-shop.ru/static/06/3r1c9u/register-user-action.js, line 1: WEBGL_debug_renderer_info is deprecated in Firefox and will be removed. Please use RENDERER.
JavaScript warning: https://mc.yandex.ru/metrika/tag.js, line 18: WEBGL_debug_renderer_info is deprecated in Firefox and will be removed. Please use RENDERER.
1656600400907	geckodriver	INFO	Listening on 127.0.0.1:62035
1656600403968	mozrunner::runner	INFO	Running command: "C:\\Program Files\\Mozilla Firefox\\firefox.exe" "--marionette" "--remote-debugging-port" "62036" "--remote-allow-hosts" "localhost" "-no-remote" "-profile" "C:\\Users\\darin\\AppData\\Local\\Temp\\rust_mozprofilelAvkxg"
1656600404593	Marionette	INFO	Marionette enabled
1656600404602	Marionette	INFO	Listening on port 62046
WebDriver BiDi listening on ws://localhost:62036
Read port: 62046
1656600404785	RemoteAgent	WARN	TLS certificate errors will be ignored for this session
console.warn: SearchSettings: "get: No settings file exists, new profile?" (new NotFoundError("Could not open the file at C:\\Users\\darin\\AppData\\Local\\Temp\\rust_mozprofilelAvkxg\\search.json.mozlz4", (void 0)))
DevTools listening on ws://localhost:62036/devtools/browser/de7cde55-b0f7-46cd-8b65-d0f72182ec65
JavaScript warning: https://as.dns-shop.ru/static/06/3r1c9u/register-user-action.js, line 1: WEBGL_debug_renderer_info is deprecated in Firefox and will be removed. Please use RENDERER.
JavaScript warning: https://as.dns-shop.ru/static/06/3r1c9u/register-user-action.js, line 1: WEBGL_debug_renderer_info is deprecated in Firefox and will be removed. Please use RENDERER.
JavaScript warning: https://mc.yandex.ru/metrika/tag.js, line 18: WEBGL_debug_renderer_info is deprecated in Firefox and will be removed. Please use RENDERER.
1656600446281	geckodriver	INFO	Listening on 127.0.0.1:62137
1656600449352	mozrunner::runner	INFO	Running command: "C:\\Program Files\\Mozilla Firefox\\firefox.exe" "--marionette" "--remote-debugging-port" "62138" "--remote-allow-hosts" "localhost" "-no-remote" "-profile" "C:\\Users\\darin\\AppData\\Local\\Temp\\rust_mozprofileRxBAeq"
1656600449899	Marionette	INFO	Marionette enabled
1656600449905	Marionette	INFO	Listening on port 62147
WebDriver BiDi listening on ws://localhost:62138
Read port: 62147
1656600450074	RemoteAgent	WARN	TLS certificate errors will be ignored for this session
console.warn: SearchSettings: "get: No settings file exists, new profile?" (new NotFoundError("Could not open the file at C:\\Users\\darin\\AppData\\Local\\Temp\\rust_mozprofileRxBAeq\\search.json.mozlz4", (void 0)))
DevTools listening on ws://localhost:62138/devtools/browser/66edeceb-18f3-4a3f-b9c3-8240fd7149e3
JavaScript warning: https://as.dns-shop.ru/static/06/3r1c9u/register-user-action.js, line 1: WEBGL_debug_renderer_info is deprecated in Firefox and will be removed. Please use RENDERER.
JavaScript warning: https://as.dns-shop.ru/static/06/3r1c9u/register-user-action.js, line 1: WEBGL_debug_renderer_info is deprecated in Firefox and will be removed. Please use RENDERER.
JavaScript warning: https://mc.yandex.ru/metrika/tag.js, line 18: WEBGL_debug_renderer_info is deprecated in Firefox and will be removed. Please use RENDERER.
JavaScript warning: https://as.dns-shop.ru/static/06/3r1c9u/register-user-action.js, line 1: WEBGL_debug_renderer_info is deprecated in Firefox and will be removed. Please use RENDERER.
JavaScript warning: https://as.dns-shop.ru/static/06/3r1c9u/register-user-action.js, line 1: WEBGL_debug_renderer_info is deprecated in Firefox and will be removed. Please use RENDERER.
JavaScript warning: https://as.dns-shop.ru/static/06/3r1c9u/register-user-action.js, line 1: WEBGL_debug_renderer_info is deprecated in Firefox and will be removed. Please use RENDERER.
JavaScript warning: https://as.dns-shop.ru/static/06/3r1c9u/register-user-action.js, line 1: WEBGL_debug_renderer_info is deprecated in Firefox and will be removed. Please use RENDERER.
JavaScript warning: https://as.dns-shop.ru/static/06/3r1c9u/register-user-action.js, line 1: WEBGL_debug_renderer_info is deprecated in Firefox and will be removed. Please use RENDERER.
JavaScript warning: https://as.dns-shop.ru/static/06/3r1c9u/register-user-action.js, line 1: WEBGL_debug_renderer_info is deprecated in Firefox and will be removed. Please use RENDERER.
JavaScript warning: https://as.dns-shop.ru/static/06/3r1c9u/register-user-action.js, line 1: WEBGL_debug_renderer_info is deprecated in Firefox and will be removed. Please use RENDERER.
JavaScript warning: https://as.dns-shop.ru/static/06/3r1c9u/register-user-action.js, line 1: WEBGL_debug_renderer_info is deprecated in Firefox and will be removed. Please use RENDERER.
JavaScript warning: https://as.dns-shop.ru/static/06/3r1c9u/register-user-action.js, line 1: WEBGL_debug_renderer_info is deprecated in Firefox and will be removed. Please use RENDERER.
JavaScript warning: https://as.dns-shop.ru/static/06/3r1c9u/register-user-action.js, line 1: WEBGL_debug_renderer_info is deprecated in Firefox and will be removed. Please use RENDERER.
JavaScript warning: https://as.dns-shop.ru/static/06/3r1c9u/register-user-action.js, line 1: WEBGL_debug_renderer_info is deprecated in Firefox and will be removed. Please use RENDERER.
JavaScript warning: https://as.dns-shop.ru/static/06/3r1c9u/register-user-action.js, line 1: WEBGL_debug_renderer_info is deprecated in Firefox and will be removed. Please use RENDERER.
JavaScript warning: https://as.dns-shop.ru/static/06/3r1c9u/register-user-action.js, line 1: WEBGL_debug_renderer_info is deprecated in Firefox and will be removed. Please use RENDERER.
JavaScript warning: https://as.dns-shop.ru/static/06/3r1c9u/register-user-action.js, line 1: WEBGL_debug_renderer_info is deprecated in Firefox and will be removed. Please use RENDERER.
JavaScript warning: https://as.dns-shop.ru/static/06/3r1c9u/register-user-action.js, line 1: WEBGL_debug_renderer_info is deprecated in Firefox and will be removed. Please use RENDERER.
JavaScript warning: https://as.dns-shop.ru/static/06/3r1c9u/register-user-action.js, line 1: WEBGL_debug_renderer_info is deprecated in Firefox and will be removed. Please use RENDERER.
JavaScript warning: https://as.dns-shop.ru/static/06/3r1c9u/register-user-action.js, line 1: WEBGL_debug_renderer_info is deprecated in Firefox and will be removed. Please use RENDERER.
JavaScript warning: https://as.dns-shop.ru/static/06/3r1c9u/register-user-action.js, line 1: WEBGL_debug_renderer_info is deprecated in Firefox and will be removed. Please use RENDERER.
JavaScript warning: https://as.dns-shop.ru/static/06/3r1c9u/register-user-action.js, line 1: WEBGL_debug_renderer_info is deprecated in Firefox and will be removed. Please use RENDERER.
JavaScript warning: https://as.dns-shop.ru/static/06/3r1c9u/register-user-action.js, line 1: WEBGL_debug_renderer_info is deprecated in Firefox and will be removed. Please use RENDERER.
JavaScript warning: https://as.dns-shop.ru/static/06/3r1c9u/register-user-action.js, line 1: WEBGL_debug_renderer_info is deprecated in Firefox and will be removed. Please use RENDERER.
JavaScript warning: https://as.dns-shop.ru/static/06/3r1c9u/register-user-action.js, line 1: WEBGL_debug_renderer_info is deprecated in Firefox and will be removed. Please use RENDERER.
JavaScript warning: https://as.dns-shop.ru/static/06/3r1c9u/register-user-action.js, line 1: WEBGL_debug_renderer_info is deprecated in Firefox and will be removed. Please use RENDERER.
JavaScript warning: https://as.dns-shop.ru/static/06/3r1c9u/register-user-action.js, line 1: WEBGL_debug_renderer_info is deprecated in Firefox and will be removed. Please use RENDERER.
1656600569690	geckodriver	INFO	Listening on 127.0.0.1:51063
1656600572733	mozrunner::runner	INFO	Running command: "C:\\Program Files\\Mozilla Firefox\\firefox.exe" "--marionette" "--remote-debugging-port" "51064" "--remote-allow-hosts" "localhost" "-no-remote" "-profile" "C:\\Users\\darin\\AppData\\Local\\Temp\\rust_mozprofileYj9OFB"
1656600573456	Marionette	INFO	Marionette enabled
1656600573464	Marionette	INFO	Listening on port 51074
WebDriver BiDi listening on ws://localhost:51064
Read port: 51074
1656600573683	RemoteAgent	WARN	TLS certificate errors will be ignored for this session
console.warn: SearchSettings: "get: No settings file exists, new profile?" (new NotFoundError("Could not open the file at C:\\Users\\darin\\AppData\\Local\\Temp\\rust_mozprofileYj9OFB\\search.json.mozlz4", (void 0)))
DevTools listening on ws://localhost:51064/devtools/browser/b1dc6b0b-9663-430a-994f-84c75d5414cf
JavaScript warning: https://as.dns-shop.ru/static/06/3r1c9u/register-user-action.js, line 1: WEBGL_debug_renderer_info is deprecated in Firefox and will be removed. Please use RENDERER.
JavaScript warning: https://as.dns-shop.ru/static/06/3r1c9u/register-user-action.js, line 1: WEBGL_debug_renderer_info is deprecated in Firefox and will be removed. Please use RENDERER.
JavaScript warning: https://mc.yandex.ru/metrika/tag.js, line 18: WEBGL_debug_renderer_info is deprecated in Firefox and will be removed. Please use RENDERER.
JavaScript warning: https://as.dns-shop.ru/static/06/3r1c9u/register-user-action.js, line 1: WEBGL_debug_renderer_info is deprecated in Firefox and will be removed. Please use RENDERER.
JavaScript warning: https://as.dns-shop.ru/static/06/3r1c9u/register-user-action.js, line 1: WEBGL_debug_renderer_info is deprecated in Firefox and will be removed. Please use RENDERER.
1656600643545	geckodriver	INFO	Listening on 127.0.0.1:51169
1656600646623	mozrunner::runner	INFO	Running command: "C:\\Program Files\\Mozilla Firefox\\firefox.exe" "--marionette" "--remote-debugging-port" "51170" "--remote-allow-hosts" "localhost" "-no-remote" "-profile" "C:\\Users\\darin\\AppData\\Local\\Temp\\rust_mozprofileeAhYI3"
1656600647131	Marionette	INFO	Marionette enabled
1656600647138	Marionette	INFO	Listening on port 51179
WebDriver BiDi listening on ws://localhost:51170
Read port: 51179
1656600647311	RemoteAgent	WARN	TLS certificate errors will be ignored for this session
console.warn: SearchSettings: "get: No settings file exists, new profile?" (new NotFoundError("Could not open the file at C:\\Users\\darin\\AppData\\Local\\Temp\\rust_mozprofileeAhYI3\\search.json.mozlz4", (void 0)))
DevTools listening on ws://localhost:51170/devtools/browser/2dada01b-dbdd-4ab1-bd43-d373474e1fd2
JavaScript warning: https://as.dns-shop.ru/static/06/3r1c9u/register-user-action.js, line 1: WEBGL_debug_renderer_info is deprecated in Firefox and will be removed. Please use RENDERER.
JavaScript warning: https://as.dns-shop.ru/static/06/3r1c9u/register-user-action.js, line 1: WEBGL_debug_renderer_info is deprecated in Firefox and will be removed. Please use RENDERER.
JavaScript warning: https://mc.yandex.ru/metrika/tag.js, line 18: WEBGL_debug_renderer_info is deprecated in Firefox and will be removed. Please use RENDERER.
JavaScript warning: https://as.dns-shop.ru/static/06/3r1c9u/register-user-action.js, line 1: WEBGL_debug_renderer_info is deprecated in Firefox and will be removed. Please use RENDERER.
JavaScript warning: https://as.dns-shop.ru/static/06/3r1c9u/register-user-action.js, line 1: WEBGL_debug_renderer_info is deprecated in Firefox and will be removed. Please use RENDERER.
JavaScript warning: https://as.dns-shop.ru/static/06/3r1c9u/register-user-action.js, line 1: WEBGL_debug_renderer_info is deprecated in Firefox and will be removed. Please use RENDERER.
JavaScript warning: https://as.dns-shop.ru/static/06/3r1c9u/register-user-action.js, line 1: WEBGL_debug_renderer_info is deprecated in Firefox and will be removed. Please use RENDERER.
JavaScript warning: https://as.dns-shop.ru/static/06/3r1c9u/register-user-action.js, line 1: WEBGL_debug_renderer_info is deprecated in Firefox and will be removed. Please use RENDERER.
JavaScript warning: https://as.dns-shop.ru/static/06/3r1c9u/register-user-action.js, line 1: WEBGL_debug_renderer_info is deprecated in Firefox and will be removed. Please use RENDERER.
JavaScript warning: https://as.dns-shop.ru/static/06/3r1c9u/register-user-action.js, line 1: WEBGL_debug_renderer_info is deprecated in Firefox and will be removed. Please use RENDERER.
JavaScript warning: https://as.dns-shop.ru/static/06/3r1c9u/register-user-action.js, line 1: WEBGL_debug_renderer_info is deprecated in Firefox and will be removed. Please use RENDERER.
JavaScript warning: https://as.dns-shop.ru/static/06/3r1c9u/register-user-action.js, line 1: WEBGL_debug_renderer_info is deprecated in Firefox and will be removed. Please use RENDERER.
JavaScript warning: https://as.dns-shop.ru/static/06/3r1c9u/register-user-action.js, line 1: WEBGL_debug_renderer_info is deprecated in Firefox and will be removed. Please use RENDERER.
JavaScript warning: https://as.dns-shop.ru/static/06/3r1c9u/register-user-action.js, line 1: WEBGL_debug_renderer_info is deprecated in Firefox and will be removed. Please use RENDERER.
JavaScript warning: https://as.dns-shop.ru/static/06/3r1c9u/register-user-action.js, line 1: WEBGL_debug_renderer_info is deprecated in Firefox and will be removed. Please use RENDERER.
JavaScript warning: https://as.dns-shop.ru/static/06/3r1c9u/register-user-action.js, line 1: WEBGL_debug_renderer_info is deprecated in Firefox and will be removed. Please use RENDERER.
JavaScript warning: https://as.dns-shop.ru/static/06/3r1c9u/register-user-action.js, line 1: WEBGL_debug_renderer_info is deprecated in Firefox and will be removed. Please use RENDERER.
JavaScript warning: https://as.dns-shop.ru/static/06/3r1c9u/register-user-action.js, line 1: WEBGL_debug_renderer_info is deprecated in Firefox and will be removed. Please use RENDERER.
JavaScript warning: https://as.dns-shop.ru/static/06/3r1c9u/register-user-action.js, line 1: WEBGL_debug_renderer_info is deprecated in Firefox and will be removed. Please use RENDERER.
JavaScript warning: https://as.dns-shop.ru/static/06/3r1c9u/register-user-action.js, line 1: WEBGL_debug_renderer_info is deprecated in Firefox and will be removed. Please use RENDERER.
JavaScript warning: https://as.dns-shop.ru/static/06/3r1c9u/register-user-action.js, line 1: WEBGL_debug_renderer_info is deprecated in Firefox and will be removed. Please use RENDERER.
JavaScript warning: https://as.dns-shop.ru/static/06/3r1c9u/register-user-action.js, line 1: WEBGL_debug_renderer_info is deprecated in Firefox and will be removed. Please use RENDERER.
JavaScript warning: https://as.dns-shop.ru/static/06/3r1c9u/register-user-action.js, line 1: WEBGL_debug_renderer_info is deprecated in Firefox and will be removed. Please use RENDERER.
JavaScript warning: https://as.dns-shop.ru/static/06/3r1c9u/register-user-action.js, line 1: WEBGL_debug_renderer_info is deprecated in Firefox and will be removed. Please use RENDERER.
JavaScript warning: https://as.dns-shop.ru/static/06/3r1c9u/register-user-action.js, line 1: WEBGL_debug_renderer_info is deprecated in Firefox and will be removed. Please use RENDERER.
JavaScript warning: https://as.dns-shop.ru/static/06/3r1c9u/register-user-action.js, line 1: WEBGL_debug_renderer_info is deprecated in Firefox and will be removed. Please use RENDERER.
JavaScript warning: https://as.dns-shop.ru/static/06/3r1c9u/register-user-action.js, line 1: WEBGL_debug_renderer_info is deprecated in Firefox and will be removed. Please use RENDERER.
JavaScript warning: https://as.dns-shop.ru/static/06/3r1c9u/register-user-action.js, line 1: WEBGL_debug_renderer_info is deprecated in Firefox and will be removed. Please use RENDERER.
JavaScript warning: https://as.dns-shop.ru/static/06/3r1c9u/register-user-action.js, line 1: WEBGL_debug_renderer_info is deprecated in Firefox and will be removed. Please use RENDERER.
JavaScript warning: https://as.dns-shop.ru/static/06/3r1c9u/register-user-action.js, line 1: WEBGL_debug_renderer_info is deprecated in Firefox and will be removed. Please use RENDERER.
JavaScript warning: https://as.dns-shop.ru/static/06/3r1c9u/register-user-action.js, line 1: WEBGL_debug_renderer_info is deprecated in Firefox and will be removed. Please use RENDERER.
JavaScript error: https://as.dns-shop.ru/assets/b4ec2975/user-menu.js, line 1: Error: Network Error
JavaScript warning: https://as.dns-shop.ru/static/06/3r1c9u/register-user-action.js, line 1: WEBGL_debug_renderer_info is deprecated in Firefox and will be removed. Please use RENDERER.
JavaScript warning: https://as.dns-shop.ru/static/06/3r1c9u/register-user-action.js, line 1: WEBGL_debug_renderer_info is deprecated in Firefox and will be removed. Please use RENDERER.
JavaScript error: https://as.dns-shop.ru/assets/b4ec2975/user-menu.js, line 1: Error: Network Error
JavaScript warning: https://as.dns-shop.ru/static/06/3r1c9u/register-user-action.js, line 1: WEBGL_debug_renderer_info is deprecated in Firefox and will be removed. Please use RENDERER.
JavaScript warning: https://as.dns-shop.ru/static/06/3r1c9u/register-user-action.js, line 1: WEBGL_debug_renderer_info is deprecated in Firefox and will be removed. Please use RENDERER.
JavaScript error: https://as.dns-shop.ru/assets/b4ec2975/user-menu.js, line 1: Error: Network Error
JavaScript warning: https://as.dns-shop.ru/static/06/3r1c9u/register-user-action.js, line 1: WEBGL_debug_renderer_info is deprecated in Firefox and will be removed. Please use RENDERER.
JavaScript warning: https://as.dns-shop.ru/static/06/3r1c9u/register-user-action.js, line 1: WEBGL_debug_renderer_info is deprecated in Firefox and will be removed. Please use RENDERER.
JavaScript error: https://as.dns-shop.ru/assets/b4ec2975/user-menu.js, line 1: Error: Network Error
JavaScript warning: https://as.dns-shop.ru/static/06/3r1c9u/register-user-action.js, line 1: WEBGL_debug_renderer_info is deprecated in Firefox and will be removed. Please use RENDERER.
JavaScript warning: https://as.dns-shop.ru/static/06/3r1c9u/register-user-action.js, line 1: WEBGL_debug_renderer_info is deprecated in Firefox and will be removed. Please use RENDERER.
JavaScript error: https://as.dns-shop.ru/assets/b4ec2975/user-menu.js, line 1: Error: Network Error
JavaScript warning: https://as.dns-shop.ru/static/06/3r1c9u/register-user-action.js, line 1: WEBGL_debug_renderer_info is deprecated in Firefox and will be removed. Please use RENDERER.
JavaScript warning: https://as.dns-shop.ru/static/06/3r1c9u/register-user-action.js, line 1: WEBGL_debug_renderer_info is deprecated in Firefox and will be removed. Please use RENDERER.
JavaScript error: https://as.dns-shop.ru/assets/b4ec2975/user-menu.js, line 1: Error: Network Error
JavaScript warning: https://as.dns-shop.ru/static/06/3r1c9u/register-user-action.js, line 1: WEBGL_debug_renderer_info is deprecated in Firefox and will be removed. Please use RENDERER.
JavaScript warning: https://as.dns-shop.ru/static/06/3r1c9u/register-user-action.js, line 1: WEBGL_debug_renderer_info is deprecated in Firefox and will be removed. Please use RENDERER.
JavaScript error: https://as.dns-shop.ru/assets/b4ec2975/user-menu.js, line 1: Error: Network Error
JavaScript warning: https://as.dns-shop.ru/static/06/3r1c9u/register-user-action.js, line 1: WEBGL_debug_renderer_info is deprecated in Firefox and will be removed. Please use RENDERER.
JavaScript warning: https://as.dns-shop.ru/static/06/3r1c9u/register-user-action.js, line 1: WEBGL_debug_renderer_info is deprecated in Firefox and will be removed. Please use RENDERER.
JavaScript error: https://as.dns-shop.ru/assets/b4ec2975/user-menu.js, line 1: Error: Network Error
JavaScript warning: https://as.dns-shop.ru/static/06/3r1c9u/register-user-action.js, line 1: WEBGL_debug_renderer_info is deprecated in Firefox and will be removed. Please use RENDERER.
JavaScript warning: https://as.dns-shop.ru/static/06/3r1c9u/register-user-action.js, line 1: WEBGL_debug_renderer_info is deprecated in Firefox and will be removed. Please use RENDERER.
JavaScript error: https://as.dns-shop.ru/assets/b4ec2975/user-menu.js, line 1: Error: Network Error
JavaScript warning: https://as.dns-shop.ru/static/06/3r1c9u/register-user-action.js, line 1: WEBGL_debug_renderer_info is deprecated in Firefox and will be removed. Please use RENDERER.
JavaScript warning: https://as.dns-shop.ru/static/06/3r1c9u/register-user-action.js, line 1: WEBGL_debug_renderer_info is deprecated in Firefox and will be removed. Please use RENDERER.
JavaScript error: https://as.dns-shop.ru/assets/b4ec2975/user-menu.js, line 1: Error: Network Error
JavaScript warning: https://as.dns-shop.ru/static/06/3r1c9u/register-user-action.js, line 1: WEBGL_debug_renderer_info is deprecated in Firefox and will be removed. Please use RENDERER.
JavaScript warning: https://as.dns-shop.ru/static/06/3r1c9u/register-user-action.js, line 1: WEBGL_debug_renderer_info is deprecated in Firefox and will be removed. Please use RENDERER.
JavaScript error: https://as.dns-shop.ru/assets/b4ec2975/user-menu.js, line 1: Error: Network Error
JavaScript warning: https://as.dns-shop.ru/static/06/3r1c9u/register-user-action.js, line 1: WEBGL_debug_renderer_info is deprecated in Firefox and will be removed. Please use RENDERER.
JavaScript warning: https://as.dns-shop.ru/static/06/3r1c9u/register-user-action.js, line 1: WEBGL_debug_renderer_info is deprecated in Firefox and will be removed. Please use RENDERER.
JavaScript error: https://as.dns-shop.ru/assets/b4ec2975/user-menu.js, line 1: Error: Network Error
JavaScript warning: https://as.dns-shop.ru/static/06/3r1c9u/register-user-action.js, line 1: WEBGL_debug_renderer_info is deprecated in Firefox and will be removed. Please use RENDERER.
JavaScript warning: https://as.dns-shop.ru/static/06/3r1c9u/register-user-action.js, line 1: WEBGL_debug_renderer_info is deprecated in Firefox and will be removed. Please use RENDERER.
JavaScript error: https://as.dns-shop.ru/assets/b4ec2975/user-menu.js, line 1: Error: Network Error
JavaScript warning: https://as.dns-shop.ru/static/06/3r1c9u/register-user-action.js, line 1: WEBGL_debug_renderer_info is deprecated in Firefox and will be removed. Please use RENDERER.
JavaScript warning: https://as.dns-shop.ru/static/06/3r1c9u/register-user-action.js, line 1: WEBGL_debug_renderer_info is deprecated in Firefox and will be removed. Please use RENDERER.
JavaScript error: https://as.dns-shop.ru/assets/b4ec2975/user-menu.js, line 1: Error: Network Error
JavaScript warning: https://as.dns-shop.ru/static/06/3r1c9u/register-user-action.js, line 1: WEBGL_debug_renderer_info is deprecated in Firefox and will be removed. Please use RENDERER.
JavaScript warning: https://as.dns-shop.ru/static/06/3r1c9u/register-user-action.js, line 1: WEBGL_debug_renderer_info is deprecated in Firefox and will be removed. Please use RENDERER.
JavaScript error: https://as.dns-shop.ru/assets/b4ec2975/user-menu.js, line 1: Error: Network Error
JavaScript warning: https://as.dns-shop.ru/static/06/3r1c9u/register-user-action.js, line 1: WEBGL_debug_renderer_info is deprecated in Firefox and will be removed. Please use RENDERER.
JavaScript warning: https://as.dns-shop.ru/static/06/3r1c9u/register-user-action.js, line 1: WEBGL_debug_renderer_info is deprecated in Firefox and will be removed. Please use RENDERER.
JavaScript error: https://as.dns-shop.ru/assets/b4ec2975/user-menu.js, line 1: Error: Network Error
JavaScript warning: https://as.dns-shop.ru/static/06/3r1c9u/register-user-action.js, line 1: WEBGL_debug_renderer_info is deprecated in Firefox and will be removed. Please use RENDERER.
JavaScript warning: https://as.dns-shop.ru/static/06/3r1c9u/register-user-action.js, line 1: WEBGL_debug_renderer_info is deprecated in Firefox and will be removed. Please use RENDERER.
JavaScript error: https://as.dns-shop.ru/assets/b4ec2975/user-menu.js, line 1: Error: Network Error
JavaScript warning: https://as.dns-shop.ru/static/06/3r1c9u/register-user-action.js, line 1: WEBGL_debug_renderer_info is deprecated in Firefox and will be removed. Please use RENDERER.
JavaScript warning: https://as.dns-shop.ru/static/06/3r1c9u/register-user-action.js, line 1: WEBGL_debug_renderer_info is deprecated in Firefox and will be removed. Please use RENDERER.
JavaScript error: https://as.dns-shop.ru/assets/b4ec2975/user-menu.js, line 1: Error: Network Error
JavaScript warning: https://as.dns-shop.ru/static/06/3r1c9u/register-user-action.js, line 1: WEBGL_debug_renderer_info is deprecated in Firefox and will be removed. Please use RENDERER.
JavaScript warning: https://as.dns-shop.ru/static/06/3r1c9u/register-user-action.js, line 1: WEBGL_debug_renderer_info is deprecated in Firefox and will be removed. Please use RENDERER.
JavaScript error: https://as.dns-shop.ru/assets/b4ec2975/user-menu.js, line 1: Error: Network Error
JavaScript warning: https://as.dns-shop.ru/static/06/3r1c9u/register-user-action.js, line 1: WEBGL_debug_renderer_info is deprecated in Firefox and will be removed. Please use RENDERER.
JavaScript warning: https://as.dns-shop.ru/static/06/3r1c9u/register-user-action.js, line 1: WEBGL_debug_renderer_info is deprecated in Firefox and will be removed. Please use RENDERER.
JavaScript error: https://as.dns-shop.ru/assets/b4ec2975/user-menu.js, line 1: Error: Network Error
JavaScript warning: https://as.dns-shop.ru/static/06/3r1c9u/register-user-action.js, line 1: WEBGL_debug_renderer_info is deprecated in Firefox and will be removed. Please use RENDERER.
JavaScript warning: https://as.dns-shop.ru/static/06/3r1c9u/register-user-action.js, line 1: WEBGL_debug_renderer_info is deprecated in Firefox and will be removed. Please use RENDERER.
JavaScript error: https://as.dns-shop.ru/assets/b4ec2975/user-menu.js, line 1: Error: Network Error
JavaScript warning: https://as.dns-shop.ru/static/06/3r1c9u/register-user-action.js, line 1: WEBGL_debug_renderer_info is deprecated in Firefox and will be removed. Please use RENDERER.
JavaScript warning: https://as.dns-shop.ru/static/06/3r1c9u/register-user-action.js, line 1: WEBGL_debug_renderer_info is deprecated in Firefox and will be removed. Please use RENDERER.
JavaScript error: https://as.dns-shop.ru/assets/b4ec2975/user-menu.js, line 1: Error: Network Error
JavaScript warning: https://as.dns-shop.ru/static/06/3r1c9u/register-user-action.js, line 1: WEBGL_debug_renderer_info is deprecated in Firefox and will be removed. Please use RENDERER.
JavaScript warning: https://as.dns-shop.ru/static/06/3r1c9u/register-user-action.js, line 1: WEBGL_debug_renderer_info is deprecated in Firefox and will be removed. Please use RENDERER.
JavaScript error: https://as.dns-shop.ru/assets/b4ec2975/user-menu.js, line 1: Error: Network Error
JavaScript warning: https://as.dns-shop.ru/static/06/3r1c9u/register-user-action.js, line 1: WEBGL_debug_renderer_info is deprecated in Firefox and will be removed. Please use RENDERER.
JavaScript warning: https://as.dns-shop.ru/static/06/3r1c9u/register-user-action.js, line 1: WEBGL_debug_renderer_info is deprecated in Firefox and will be removed. Please use RENDERER.
JavaScript error: https://as.dns-shop.ru/assets/b4ec2975/user-menu.js, line 1: Error: Network Error
JavaScript warning: https://as.dns-shop.ru/static/06/3r1c9u/register-user-action.js, line 1: WEBGL_debug_renderer_info is deprecated in Firefox and will be removed. Please use RENDERER.
JavaScript warning: https://as.dns-shop.ru/static/06/3r1c9u/register-user-action.js, line 1: WEBGL_debug_renderer_info is deprecated in Firefox and will be removed. Please use RENDERER.
JavaScript error: https://as.dns-shop.ru/assets/b4ec2975/user-menu.js, line 1: Error: Network Error
JavaScript warning: https://as.dns-shop.ru/static/06/3r1c9u/register-user-action.js, line 1: WEBGL_debug_renderer_info is deprecated in Firefox and will be removed. Please use RENDERER.
JavaScript warning: https://as.dns-shop.ru/static/06/3r1c9u/register-user-action.js, line 1: WEBGL_debug_renderer_info is deprecated in Firefox and will be removed. Please use RENDERER.
JavaScript error: https://as.dns-shop.ru/assets/b4ec2975/user-menu.js, line 1: Error: Network Error
JavaScript warning: https://as.dns-shop.ru/static/06/3r1c9u/register-user-action.js, line 1: WEBGL_debug_renderer_info is deprecated in Firefox and will be removed. Please use RENDERER.
JavaScript warning: https://as.dns-shop.ru/static/06/3r1c9u/register-user-action.js, line 1: WEBGL_debug_renderer_info is deprecated in Firefox and will be removed. Please use RENDERER.
JavaScript error: https://as.dns-shop.ru/assets/b4ec2975/user-menu.js, line 1: Error: Network Error
JavaScript warning: https://as.dns-shop.ru/static/06/3r1c9u/register-user-action.js, line 1: WEBGL_debug_renderer_info is deprecated in Firefox and will be removed. Please use RENDERER.
JavaScript warning: https://as.dns-shop.ru/static/06/3r1c9u/register-user-action.js, line 1: WEBGL_debug_renderer_info is deprecated in Firefox and will be removed. Please use RENDERER.
JavaScript error: https://as.dns-shop.ru/assets/b4ec2975/user-menu.js, line 1: Error: Network Error
JavaScript warning: https://as.dns-shop.ru/static/06/3r1c9u/register-user-action.js, line 1: WEBGL_debug_renderer_info is deprecated in Firefox and will be removed. Please use RENDERER.
JavaScript warning: https://as.dns-shop.ru/static/06/3r1c9u/register-user-action.js, line 1: WEBGL_debug_renderer_info is deprecated in Firefox and will be removed. Please use RENDERER.
JavaScript error: https://as.dns-shop.ru/assets/b4ec2975/user-menu.js, line 1: Error: Network Error
JavaScript warning: https://as.dns-shop.ru/static/06/3r1c9u/register-user-action.js, line 1: WEBGL_debug_renderer_info is deprecated in Firefox and will be removed. Please use RENDERER.
JavaScript warning: https://as.dns-shop.ru/static/06/3r1c9u/register-user-action.js, line 1: WEBGL_debug_renderer_info is deprecated in Firefox and will be removed. Please use RENDERER.
JavaScript error: https://as.dns-shop.ru/assets/b4ec2975/user-menu.js, line 1: Error: Network Error
JavaScript warning: https://as.dns-shop.ru/static/06/3r1c9u/register-user-action.js, line 1: WEBGL_debug_renderer_info is deprecated in Firefox and will be removed. Please use RENDERER.
JavaScript warning: https://as.dns-shop.ru/static/06/3r1c9u/register-user-action.js, line 1: WEBGL_debug_renderer_info is deprecated in Firefox and will be removed. Please use RENDERER.
JavaScript error: https://as.dns-shop.ru/assets/b4ec2975/user-menu.js, line 1: Error: Network Error
